[Mon, 28 Jan 2013 16:17:50 GMT] INFO Server starting with config: {
  "environment": "development",
  "workers": 1,
  "port": 4000,
  "spdy": null,
  "ssl": null,
  "debug": true,
  "rotateWorkers": false,
  "rotationWindow": 7200000,
  "rotationTimeout": 300000,
  "logDir": "/home/ffullenk/desarrollo/todo_app/log",
  "gracefulShutdownTimeout": 30000,
  "heartbeatInterval": 5000,
  "heartbeatWindow": 20000,
  "staticFilePath": "/home/ffullenk/desarrollo/todo_app/public",
  "sessions": {
    "store": "memory",
    "key": "sid",
    "expiry": 1209600
  },
  "cookieSessionKey": "sdata",
  "metrics": null,
  "i18n": {
    "defaultLocale": "en-us",
    "loadPaths": [
      "/home/ffullenk/desarrollo/todo_app/config/locales"
    ]
  },
  "hostname": "localhost",
  "fullHostname": "http://localhost:4000",
  "connectCompatibility": false,
  "detailedErrors": true,
  "model": {
    "defaultAdapter": "memory"
  }
}
[Mon, 28 Jan 2013 16:17:50 GMT] INFO Creating 1 worker process.
[Mon, 28 Jan 2013 16:17:51 GMT] INFO Server worker running in development on port 4000 with a PID of: 4372
[Mon, 28 Jan 2013 16:17:51 GMT] DEBUG LOGGING STARTED ============================================
[Mon, 28 Jan 2013 16:17:51 GMT] DEBUG ============================================================
[Mon, 28 Jan 2013 16:19:30 GMT] INFO Code changed, killing 4372, cycling ...
[Mon, 28 Jan 2013 16:19:30 GMT] INFO Creating 1 worker process.
[Mon, 28 Jan 2013 16:19:31 GMT] INFO Server worker running in development on port 4000 with a PID of: 4378
[Mon, 28 Jan 2013 16:19:31 GMT] DEBUG LOGGING STARTED ============================================
[Mon, 28 Jan 2013 16:19:31 GMT] DEBUG ============================================================
